# JRE version: Java(TM) SE Runtime Environment (8.0_221-b11) (build 1.8.0_221-b11)
# Java VM: Java HotSpot(TM) 64-Bit Server VM (25.221-b11 mixed mode windows-amd64 compressed oops)
Heap:
 PSYoungGen      total 141824K, used 47245K [0x000000076b000000, 0x000000077a000000, 0x00000007c0000000)
  eden space 131072K, 27% used [0x000000076b000000,0x000000076d3a6280,0x0000000773000000)
  from space 10752K, 99% used [0x0000000773000000,0x0000000773a7d290,0x0000000773a80000)
  to   space 30720K, 0% used [0x0000000778200000,0x0000000778200000,0x000000077a000000)
 ParOldGen       total 127488K, used 39860K [0x00000006c1000000, 0x00000006c8c80000, 0x000000076b000000)
  object space 127488K, 31% used [0x00000006c1000000,0x00000006c36ed188,0x00000006c8c80000)
 Metaspace       used 28302K, capacity 28958K, committed 29184K, reserved 1075200K
  class space    used 3296K, capacity 3517K, committed 3584K, reserved 1048576K
GC Heap History (10 events):
Event: 1.351 GC heap before
{Heap before GC invocations=2 (full 0):
 PSYoungGen      total 76288K, used 75504K [0x000000076b000000, 0x0000000774500000, 0x00000007c0000000)
  eden space 65536K, 100% used [0x000000076b000000,0x000000076f000000,0x000000076f000000)
  from space 10752K, 92% used [0x000000076f000000,0x000000076f9bc1d0,0x000000076fa80000)
  to   space 10752K, 0% used [0x0000000773a80000,0x0000000773a80000,0x0000000774500000)
 ParOldGen       total 175104K, used 16K [0x00000006c1000000, 0x00000006cbb00000, 0x000000076b000000)
  object space 175104K, 0% used [0x00000006c1000000,0x00000006c1004000,0x00000006cbb00000)
 Metaspace       used 14957K, capacity 15130K, committed 15232K, reserved 1062912K
  class space    used 1823K, capacity 1913K, committed 1920K, reserved 1048576K
Event: 1.359 GC heap after
Heap after GC invocations=2 (full 0):
 PSYoungGen      total 141824K, used 10726K [0x000000076b000000, 0x0000000774500000, 0x00000007c0000000)
  eden space 131072K, 0% used [0x000000076b000000,0x000000076b000000,0x0000000773000000)
  from space 10752K, 99% used [0x0000000773a80000,0x00000007744f9b58,0x0000000774500000)
  to   space 10752K, 0% used [0x0000000773000000,0x0000000773000000,0x0000000773a80000)
 ParOldGen       total 175104K, used 897K [0x00000006c1000000, 0x00000006cbb00000, 0x000000076b000000)
  object space 175104K, 0% used [0x00000006c1000000,0x00000006c10e0680,0x00000006cbb00000)
 Metaspace       used 14957K, capacity 15130K, committed 15232K, reserved 1062912K
  class space    used 1823K, capacity 1913K, committed 1920K, reserved 1048576K
}
Event: 3.397 GC heap before
{Heap before GC invocations=3 (full 0):
 PSYoungGen      total 141824K, used 60430K [0x000000076b000000, 0x0000000774500000, 0x00000007c0000000)
  eden space 131072K, 37% used [0x000000076b000000,0x000000076e089e98,0x0000000773000000)
  from space 10752K, 99% used [0x0000000773a80000,0x00000007744f9b58,0x0000000774500000)
  to   space 10752K, 0% used [0x0000000773000000,0x0000000773000000,0x0000000773a80000)
 ParOldGen       total 175104K, used 897K [0x00000006c1000000, 0x00000006cbb00000, 0x000000076b000000)
  object space 175104K, 0% used [0x00000006c1000000,0x00000006c10e0680,0x00000006cbb00000)
 Metaspace       used 20706K, capacity 21088K, committed 21296K, reserved 1069056K
  class space    used 2497K, capacity 2672K, committed 2688K, reserved 1048576K
Event: 3.408 GC heap after
Heap after GC invocations=3 (full 0):
 PSYoungGen      total 141824K, used 10737K [0x000000076b000000, 0x0000000774500000, 0x00000007c0000000)
  eden space 131072K, 0% used [0x000000076b000000,0x000000076b000000,0x0000000773000000)
  from space 10752K, 99% used [0x0000000773000000,0x0000000773a7c6b0,0x0000000773a80000)
  to   space 10752K, 0% used [0x0000000773a80000,0x0000000773a80000,0x0000000774500000)
 ParOldGen       total 175104K, used 6756K [0x00000006c1000000, 0x00000006cbb00000, 0x000000076b000000)
  object space 175104K, 3% used [0x00000006c1000000,0x00000006c16992b0,0x00000006cbb00000)
 Metaspace       used 20706K, capacity 21088K, committed 21296K, reserved 1069056K
  class space    used 2497K, capacity 2672K, committed 2688K, reserved 1048576K
}
Event: 3.408 GC heap before
{Heap before GC invocations=4 (full 1):
 PSYoungGen      total 141824K, used 10737K [0x000000076b000000, 0x0000000774500000, 0x00000007c0000000)
  eden space 131072K, 0% used [0x000000076b000000,0x000000076b000000,0x0000000773000000)
  from space 10752K, 99% used [0x0000000773000000,0x0000000773a7c6b0,0x0000000773a80000)
  to   space 10752K, 0% used [0x0000000773a80000,0x0000000773a80000,0x0000000774500000)
 ParOldGen       total 175104K, used 6756K [0x00000006c1000000, 0x00000006cbb00000, 0x000000076b000000)
  object space 175104K, 3% used [0x00000006c1000000,0x00000006c16992b0,0x00000006cbb00000)
 Metaspace       used 20706K, capacity 21088K, committed 21296K, reserved 1069056K
  class space    used 2497K, capacity 2672K, committed 2688K, reserved 1048576K
Event: 3.452 GC heap after
Heap after GC invocations=4 (full 1):
 PSYoungGen      total 141824K, used 0K [0x000000076b000000, 0x0000000774500000, 0x00000007c0000000)
  eden space 131072K, 0% used [0x000000076b000000,0x000000076b000000,0x0000000773000000)
  from space 10752K, 0% used [0x0000000773000000,0x0000000773000000,0x0000000773a80000)
  to   space 10752K, 0% used [0x0000000773a80000,0x0000000773a80000,0x0000000774500000)
 ParOldGen       total 127488K, used 16347K [0x00000006c1000000, 0x00000006c8c80000, 0x000000076b000000)
  object space 127488K, 12% used [0x00000006c1000000,0x00000006c1ff6e60,0x00000006c8c80000)
 Metaspace       used 20706K, capacity 21088K, committed 21296K, reserved 1069056K
  class space    used 2497K, capacity 2672K, committed 2688K, reserved 1048576K
}
Event: 6.199 GC heap before
{Heap before GC invocations=5 (full 1):
 PSYoungGen      total 141824K, used 131072K [0x000000076b000000, 0x0000000774500000, 0x00000007c0000000)
  eden space 131072K, 100% used [0x000000076b000000,0x0000000773000000,0x0000000773000000)
  from space 10752K, 0% used [0x0000000773000000,0x0000000773000000,0x0000000773a80000)
  to   space 10752K, 0% used [0x0000000773a80000,0x0000000773a80000,0x0000000774500000)
 ParOldGen       total 127488K, used 16347K [0x00000006c1000000, 0x00000006c8c80000, 0x000000076b000000)
  object space 127488K, 12% used [0x00000006c1000000,0x00000006c1ff6e60,0x00000006c8c80000)
 Metaspace       used 23095K, capacity 23710K, committed 23936K, reserved 1071104K
  class space    used 2707K, capacity 2893K, committed 2944K, reserved 1048576K
Event: 6.206 GC heap after
Heap after GC invocations=5 (full 1):
 PSYoungGen      total 141824K, used 10733K [0x000000076b000000, 0x0000000777380000, 0x00000007c0000000)
  eden space 131072K, 0% used [0x000000076b000000,0x000000076b000000,0x0000000773000000)
  from space 10752K, 99% used [0x0000000773a80000,0x00000007744fb6e0,0x0000000774500000)
  to   space 10752K, 0% used [0x0000000773000000,0x0000000773000000,0x0000000773a80000)
 ParOldGen       total 127488K, used 16648K [0x00000006c1000000, 0x00000006c8c80000, 0x000000076b000000)
  object space 127488K, 13% used [0x00000006c1000000,0x00000006c2042040,0x00000006c8c80000)
 Metaspace       used 23095K, capacity 23710K, committed 23936K, reserved 1071104K
  class space    used 2707K, capacity 2893K, committed 2944K, reserved 1048576K
}
Event: 7.778 GC heap before
{Heap before GC invocations=6 (full 1):
 PSYoungGen      total 141824K, used 141805K [0x000000076b000000, 0x0000000777380000, 0x00000007c0000000)
  eden space 131072K, 100% used [0x000000076b000000,0x0000000773000000,0x0000000773000000)
  from space 10752K, 99% used [0x0000000773a80000,0x00000007744fb6e0,0x0000000774500000)
  to   space 10752K, 0% used [0x0000000773000000,0x0000000773000000,0x0000000773a80000)
 ParOldGen       total 127488K, used 16648K [0x00000006c1000000, 0x00000006c8c80000, 0x000000076b000000)
  object space 127488K, 13% used [0x00000006c1000000,0x00000006c2042040,0x00000006c8c80000)
 Metaspace       used 28074K, capacity 28734K, committed 28928K, reserved 1075200K
  class space    used 3293K, capacity 3485K, committed 3584K, reserved 1048576K
Event: 7.799 GC heap after
Heap after GC invocations=6 (full 1):
 PSYoungGen      total 141824K, used 10740K [0x000000076b000000, 0x000000077a000000, 0x00000007c0000000)
  eden space 131072K, 0% used [0x000000076b000000,0x000000076b000000,0x0000000773000000)
  from space 10752K, 99% used [0x0000000773000000,0x0000000773a7d290,0x0000000773a80000)
  to   space 30720K, 0% used [0x0000000778200000,0x0000000778200000,0x000000077a000000)
 ParOldGen       total 127488K, used 39860K [0x00000006c1000000, 0x00000006c8c80000, 0x000000076b000000)
  object space 127488K, 31% used [0x00000006c1000000,0x00000006c36ed188,0x00000006c8c80000)
 Metaspace       used 28074K, capacity 28734K, committed 28928K, reserved 1075200K
  class space    used 3293K, capacity 3485K, committed 3584K, reserved 1048576K
}

